Windows PowerShell
Copyright (C) Microsoft Corporation. All rights reserved.

Install the latest PowerShell for new features and improvements! https://aka.ms/PSWindows

PS C:\Windows\system32> cd Y
cd : Cannot find path 'C:\Windows\system32\Y' because it does not exist.
At line:1 char:1
+ cd Y
+ ~~~~
    + CategoryInfo          : ObjectNotFound: (C:\Windows\system32\Y:String) [Set-Location], ItemNotFoundException
    + FullyQualifiedErrorId : PathNotFound,Microsoft.PowerShell.Commands.SetLocationCommand

PS C:\Windows\system32> cd Y:\ECTF
PS Y:\ECTF> git clone https://github.com/mitre-cyber-academy/2025-ectf-insecure-example
Cloning into '2025-ectf-insecure-example'...
remote: Enumerating objects: 69, done.
remote: Counting objects: 100% (69/69), done.
remote: Compressing objects: 100% (51/51), done.
remote: Total 69 (delta 19), reused 63 (delta 16), pack-reused 0 (from 0)
Receiving objects: 100% (69/69), 63.31 KiB | 1.38 MiB/s, done.
Resolving deltas: 100% (19/19), done.
PS Y:\ECTF> python -m venv .venv --prompt ectf-example
PS Y:\ECTF> .\.venv\Scripts\Activate.ps1
(ectf-example) PS Y:\ECTF> python -m pip install .\tools\
ERROR: Invalid requirement: '.\\tools\\': Expected package name at the start of dependency specifier
    .\tools\
    ^
Hint: It looks like a path. File '.\tools\' does not exist.
(ectf-example) PS Y:\ECTF> python -m pip install .\\tools\\
ERROR: Invalid requirement: '.\\\\tools\\\\': Expected package name at the start of dependency specifier
    .\\tools\\
    ^
Hint: It looks like a path. File '.\\tools\\' does not exist.
(ectf-example) PS Y:\ECTF> dir


    Directory: Y:\ECTF


Mode                 LastWriteTime         Length Name
----                 -------------         ------ ----
d-----         1/17/2025   9:55 AM                .venv
d-----         1/17/2025   9:55 AM                2025-ectf-insecure-example


(ectf-example) PS Y:\ECTF> python -m pip install .\2025-ectf-insecure-example\tools\
Processing y:\ectf\2025-ectf-insecure-example\tools
  Installing build dependencies ... done
  Getting requirements to build wheel ... done
  Preparing metadata (pyproject.toml) ... done
Collecting loguru (from ectf25==2025.1.15)
  Downloading loguru-0.7.3-py3-none-any.whl.metadata (22 kB)
Collecting pyserial (from ectf25==2025.1.15)
  Downloading pyserial-3.5-py2.py3-none-any.whl.metadata (1.6 kB)
Collecting tqdm (from ectf25==2025.1.15)
  Using cached tqdm-4.67.1-py3-none-any.whl.metadata (57 kB)
Collecting colorama>=0.3.4 (from loguru->ectf25==2025.1.15)
  Using cached colorama-0.4.6-py2.py3-none-any.whl.metadata (17 kB)
Collecting win32-setctime>=1.0.0 (from loguru->ectf25==2025.1.15)
  Downloading win32_setctime-1.2.0-py3-none-any.whl.metadata (2.4 kB)
Downloading loguru-0.7.3-py3-none-any.whl (61 kB)
Downloading pyserial-3.5-py2.py3-none-any.whl (90 kB)
Using cached tqdm-4.67.1-py3-none-any.whl (78 kB)
Using cached colorama-0.4.6-py2.py3-none-any.whl (25 kB)
Downloading win32_setctime-1.2.0-py3-none-any.whl (4.1 kB)
Building wheels for collected packages: ectf25
  Building wheel for ectf25 (pyproject.toml) ... done
  Created wheel for ectf25: filename=ectf25-2025.1.15-py3-none-any.whl size=21126 sha256=85e05d3c78957a2f4c63f1fd1e340c59e4808839e8b759f128f153484b508846
  Stored in directory: C:\Users\yashb\AppData\Local\Temp\pip-ephem-wheel-cache-y8bamtam\wheels\b1\e7\aa\dadc74c7467cc2f287ea334f14b1b727cd04e688fcb092cbe0
Successfully built ectf25
Installing collected packages: pyserial, win32-setctime, colorama, tqdm, loguru, ectf25
Successfully installed colorama-0.4.6 ectf25-2025.1.15 loguru-0.7.3 pyserial-3.5 tqdm-4.67.1 win32-setctime-1.2.0
(ectf-example) PS Y:\ECTF> ls


    Directory: Y:\ECTF


Mode                 LastWriteTime         Length Name
----                 -------------         ------ ----
d-----         1/17/2025   9:55 AM                .venv
d-----         1/17/2025   9:55 AM                2025-ectf-insecure-example


(ectf-example) PS Y:\ECTF> python -m pip install .\2025-ectf-insecure-example\design\
Processing y:\ectf\2025-ectf-insecure-example\design
  Installing build dependencies ... done
  Getting requirements to build wheel ... done
  Preparing metadata (pyproject.toml) ... done
Requirement already satisfied: loguru in y:\ectf\.venv\lib\site-packages (from ectf25_design==2025.0+example) (0.7.3)
Requirement already satisfied: colorama>=0.3.4 in y:\ectf\.venv\lib\site-packages (from loguru->ectf25_design==2025.0+example) (0.4.6)
Requirement already satisfied: win32-setctime>=1.0.0 in y:\ectf\.venv\lib\site-packages (from loguru->ectf25_design==2025.0+example) (1.2.0)
Building wheels for collected packages: ectf25_design
  Building wheel for ectf25_design (pyproject.toml) ... done
  Created wheel for ectf25_design: filename=ectf25_design-2025.0+example-py3-none-any.whl size=6020 sha256=d80c97b65514ecbcdaeeb8e54374233012333121bee487f7c7920b837713c6fe
  Stored in directory: C:\Users\yashb\AppData\Local\Temp\pip-ephem-wheel-cache-7iawd60u\wheels\0c\62\20\275171672cf7dd4dfe89d102422582bb1a9cc0ea5129b091e7
Successfully built ectf25_design
Installing collected packages: ectf25_design
Successfully installed ectf25_design-2025.0+example
(ectf-example) PS Y:\ECTF> mkdir secrets


    Directory: Y:\ECTF


Mode                 LastWriteTime         Length Name
----                 -------------         ------ ----
d-----         1/17/2025  10:00 AM                secrets


(ectf-example) PS Y:\ECTF> python -m ectf25_design.gen_secrets secrets/secrets.json 1 3 4
2025-01-17 10:01:06.717 | DEBUG    | __main__:main:90 - Generated secrets: b'{"channels": [1, 3, 4], "some_secrets": "EXAMPLE"}'
2025-01-17 10:01:06.718 | SUCCESS  | __main__:main:98 - Wrote secrets to Y:\ECTF\secrets\secrets.json
(ectf-example) PS Y:\ECTF> cd ./decoder
cd : Cannot find path 'Y:\ECTF\decoder' because it does not exist.
At line:1 char:1
+ cd ./decoder
+ ~~~~~~~~~~~~
    + CategoryInfo          : ObjectNotFound: (Y:\ECTF\decoder:String) [Set-Location], ItemNotFoundException
    + FullyQualifiedErrorId : PathNotFound,Microsoft.PowerShell.Commands.SetLocationCommand

(ectf-example) PS Y:\ECTF> cd .\2025-ectf-insecure-example\decoder\
(ectf-example) PS Y:\ECTF\2025-ectf-insecure-example\decoder> docker build -t decoder .
[+] Building 158.5s (10/10) FINISHED                                                                                                                                                                             docker:desktop-linux
 => [internal] load build definition from Dockerfile                                                                                                                                                                             0.0s
 => => transferring dockerfile: 1.22kB                                                                                                                                                                                           0.0s
 => [internal] load metadata for docker.io/library/ubuntu:24.04                                                                                                                                                                  1.8s
 => [auth] library/ubuntu:pull token for registry-1.docker.io                                                                                                                                                                    0.0s
 => [internal] load .dockerignore                                                                                                                                                                                                0.0s
 => => transferring context: 2B                                                                                                                                                                                                  0.0s
 => [1/5] FROM docker.io/library/ubuntu:24.04@sha256:80dd3c3b9c6cecb9f1667e9290b3bc61b78c2678c02cbdae5f0fea92cc6734ab                                                                                                            2.8s
 => => resolve docker.io/library/ubuntu:24.04@sha256:80dd3c3b9c6cecb9f1667e9290b3bc61b78c2678c02cbdae5f0fea92cc6734ab                                                                                                            0.0s
 => => sha256:80dd3c3b9c6cecb9f1667e9290b3bc61b78c2678c02cbdae5f0fea92cc6734ab 6.69kB / 6.69kB                                                                                                                                   0.0s
 => => sha256:6e75a10070b0fcb0bead763c5118a369bc7cc30dfc1b0749c491bbb21f15c3c7 424B / 424B                                                                                                                                       0.0s
 => => sha256:b1d9df8ab81559494794e522b380878cf9ba82d4c1fb67293bcf931c3aa69ae4 2.30kB / 2.30kB                                                                                                                                   0.0s
 => => sha256:de44b265507ae44b212defcb50694d666f136b35c1090d9709068bc861bb2d64 29.75MB / 29.75MB                                                                                                                                 1.6s
 => => extracting sha256:de44b265507ae44b212defcb50694d666f136b35c1090d9709068bc861bb2d64                                                                                                                                        1.1s
 => [2/5] WORKDIR /root                                                                                                                                                                                                          0.1s
 => [3/5] RUN apt-get update && apt-get upgrade -y && apt-get install -y     gdb     gdb-multiarch     gcc-arm-none-eabi     binutils-arm-none-eabi     make     python3.10     git     wget     libtool     texinfo     unzip  76.4s
 => [4/5] RUN apt-get install -y unzip &&     wget https://github.com/analogdevicesinc/msdk/archive/refs/tags/v2024_02.zip &&     unzip v2024_02.zip &&     rm -f v2024_02.zip                                                  60.9s
 => [5/5] WORKDIR /decoder                                                                                                                                                                                                       0.1s
 => exporting to image                                                                                                                                                                                                          16.1s
 => => exporting layers                                                                                                                                                                                                         16.1s
 => => writing image sha256:268fd1b683689745284cfa4dec51f257e865ee3357c552b3f7e014f7fd8c5f56                                                                                                                                     0.0s
 => => naming to docker.io/library/decoder                                                                                                                                                                                       0.0s

View build details: docker-desktop://dashboard/build/desktop-linux/desktop-linux/y4xqvfhdtrtxgno21n0c4c58x

What's next:
    View a summary of image vulnerabilities and recommendations → docker scout quickview
(ectf-example) PS Y:\ECTF\2025-ectf-insecure-example\decoder> docker run --rm -v .\build_out:/out -v .\:/decoder -v .\..\secrets:/secrets -e DECODER_ID=0xdeadbeef decoder
Loaded project.mk
****************************************************************************
* Analog Devices MSDK
* - User Guide: https://analogdevicesinc.github.io/msdk/USERGUIDE/
* - Get Support: https://www.analog.com/support/technical-support.html
* - Report Issues: https://github.com/Analog-Devices-MSDK/msdk/issues
* - Contributing: https://analogdevicesinc.github.io/msdk/CONTRIBUTING/
****************************************************************************
- MKDIR /decoder/build
make[1]: Entering directory '/decoder'
- MKDIR /root/msdk-2024_02/Libraries/PeriphDrivers/bin/MAX78000/softfp
- CC /root/msdk-2024_02/Libraries/CMSIS/../PeriphDrivers/Source/SYS/mxc_assert.c
- CC /root/msdk-2024_02/Libraries/CMSIS/../PeriphDrivers/Source/SYS/mxc_delay.c
- CC /root/msdk-2024_02/Libraries/CMSIS/../PeriphDrivers/Source/SYS/mxc_lock.c
- CC /root/msdk-2024_02/Libraries/CMSIS/../PeriphDrivers/Source/SYS/nvic_table.c
- CC /root/msdk-2024_02/Libraries/CMSIS/../PeriphDrivers/Source/SYS/pins_ai85.c
- CC /root/msdk-2024_02/Libraries/CMSIS/../PeriphDrivers/Source/SYS/sys_ai85.c
- CC /root/msdk-2024_02/Libraries/CMSIS/../PeriphDrivers/Source/ADC/adc_me17.c
- CC /root/msdk-2024_02/Libraries/CMSIS/../PeriphDrivers/Source/ADC/adc_reva.c
- CC /root/msdk-2024_02/Libraries/CMSIS/../PeriphDrivers/Source/AES/aes_me17.c
- CC /root/msdk-2024_02/Libraries/CMSIS/../PeriphDrivers/Source/AES/aes_revb.c
- CC /root/msdk-2024_02/Libraries/CMSIS/../PeriphDrivers/Source/CAMERAIF/cameraif_ai85.c
- CC /root/msdk-2024_02/Libraries/CMSIS/../PeriphDrivers/Source/CAMERAIF/cameraif_reva.c
- CC /root/msdk-2024_02/Libraries/CMSIS/../PeriphDrivers/Source/CRC/crc_me17.c
- CC /root/msdk-2024_02/Libraries/CMSIS/../PeriphDrivers/Source/CRC/crc_reva.c
- CC /root/msdk-2024_02/Libraries/CMSIS/../PeriphDrivers/Source/DMA/dma_me17.c
- CC /root/msdk-2024_02/Libraries/CMSIS/../PeriphDrivers/Source/DMA/dma_reva.c
- CC /root/msdk-2024_02/Libraries/CMSIS/../PeriphDrivers/Source/FLC/flc_common.c
- CC /root/msdk-2024_02/Libraries/CMSIS/../PeriphDrivers/Source/FLC/flc_me17.c
- CC /root/msdk-2024_02/Libraries/CMSIS/../PeriphDrivers/Source/FLC/flc_reva.c
- CC /root/msdk-2024_02/Libraries/CMSIS/../PeriphDrivers/Source/GPIO/gpio_common.c
- CC /root/msdk-2024_02/Libraries/CMSIS/../PeriphDrivers/Source/GPIO/gpio_ai85.c
- CC /root/msdk-2024_02/Libraries/CMSIS/../PeriphDrivers/Source/GPIO/gpio_reva.c
- CC /root/msdk-2024_02/Libraries/CMSIS/../PeriphDrivers/Source/I2C/i2c_me17.c
- CC /root/msdk-2024_02/Libraries/CMSIS/../PeriphDrivers/Source/I2C/i2c_reva.c
- CC /root/msdk-2024_02/Libraries/CMSIS/../PeriphDrivers/Source/I2S/i2s_ai85.c
- CC /root/msdk-2024_02/Libraries/CMSIS/../PeriphDrivers/Source/I2S/i2s_reva.c
- CC /root/msdk-2024_02/Libraries/CMSIS/../PeriphDrivers/Source/ICC/icc_me17.c
- CC /root/msdk-2024_02/Libraries/CMSIS/../PeriphDrivers/Source/ICC/icc_reva.c
- CC /root/msdk-2024_02/Libraries/CMSIS/../PeriphDrivers/Source/LP/lp_ai85.c
- CC /root/msdk-2024_02/Libraries/CMSIS/../PeriphDrivers/Source/LPCMP/lpcmp_ai85.c
- CC /root/msdk-2024_02/Libraries/CMSIS/../PeriphDrivers/Source/LPCMP/lpcmp_reva.c
- CC /root/msdk-2024_02/Libraries/CMSIS/../PeriphDrivers/Source/OWM/owm_me17.c
- CC /root/msdk-2024_02/Libraries/CMSIS/../PeriphDrivers/Source/OWM/owm_reva.c
- CC /root/msdk-2024_02/Libraries/CMSIS/../PeriphDrivers/Source/PT/pt_ai85.c
- CC /root/msdk-2024_02/Libraries/CMSIS/../PeriphDrivers/Source/PT/pt_reva.c
- CC /root/msdk-2024_02/Libraries/CMSIS/../PeriphDrivers/Source/RTC/rtc_me17.c
- CC /root/msdk-2024_02/Libraries/CMSIS/../PeriphDrivers/Source/RTC/rtc_reva.c
- CC /root/msdk-2024_02/Libraries/CMSIS/../PeriphDrivers/Source/SEMA/sema_me17.c
- CC /root/msdk-2024_02/Libraries/CMSIS/../PeriphDrivers/Source/SEMA/sema_reva.c
- CC /root/msdk-2024_02/Libraries/CMSIS/../PeriphDrivers/Source/SPI/spi_me17.c
- CC /root/msdk-2024_02/Libraries/CMSIS/../PeriphDrivers/Source/SPI/spi_reva1.c
- CC /root/msdk-2024_02/Libraries/CMSIS/../PeriphDrivers/Source/TRNG/trng_ai85.c
- CC /root/msdk-2024_02/Libraries/CMSIS/../PeriphDrivers/Source/TRNG/trng_revb.c
- CC /root/msdk-2024_02/Libraries/CMSIS/../PeriphDrivers/Source/TMR/tmr_common.c
- CC /root/msdk-2024_02/Libraries/CMSIS/../PeriphDrivers/Source/TMR/tmr_ai85.c
- CC /root/msdk-2024_02/Libraries/CMSIS/../PeriphDrivers/Source/TMR/tmr_revb.c
- CC /root/msdk-2024_02/Libraries/CMSIS/../PeriphDrivers/Source/UART/uart_ai85.c
- CC /root/msdk-2024_02/Libraries/CMSIS/../PeriphDrivers/Source/UART/uart_common.c
- CC /root/msdk-2024_02/Libraries/CMSIS/../PeriphDrivers/Source/UART/uart_revb.c
- CC /root/msdk-2024_02/Libraries/CMSIS/../PeriphDrivers/Source/WDT/wdt_common.c
- CC /root/msdk-2024_02/Libraries/CMSIS/../PeriphDrivers/Source/WDT/wdt_me17.c
- CC /root/msdk-2024_02/Libraries/CMSIS/../PeriphDrivers/Source/WDT/wdt_revb.c
- CC /root/msdk-2024_02/Libraries/CMSIS/../PeriphDrivers/Source/WUT/wut_ai85.c
- CC /root/msdk-2024_02/Libraries/CMSIS/../PeriphDrivers/Source/WUT/wut_reva.c
- AR /root/msdk-2024_02/Libraries/PeriphDrivers/bin/MAX78000/softfp/libPeriphDriver_softfp.a
make[1]: Leaving directory '/decoder'
- CC src/decoder.c
- CC src/host_messaging.c
- CC src/simple_crypto.c
- CC src/simple_flash.c
- CC src/simple_uart.c
- CC /root/msdk-2024_02/Libraries/Boards/MAX78000/FTHR_RevA/Source/board.c
- CC /root/msdk-2024_02/Libraries/MiscDrivers/stdio.c
- CC /root/msdk-2024_02/Libraries/MiscDrivers/LED/led.c
- CC /root/msdk-2024_02/Libraries/MiscDrivers/PushButton/pb.c
- CC /root/msdk-2024_02/Libraries/MiscDrivers/Display/tft_ili9341.c
- CC /root/msdk-2024_02/Libraries/MiscDrivers/Camera/camera.c
- CC /root/msdk-2024_02/Libraries/MiscDrivers/Camera/ov7692.c
- CC /root/msdk-2024_02/Libraries/MiscDrivers/Camera/sccb.c
- CC /root/msdk-2024_02/Libraries/MiscDrivers/PMIC/max20303.c
- CC /root/msdk-2024_02/Libraries/MiscDrivers/CODEC/max9867.c
- CC /root/msdk-2024_02/Libraries/MiscDrivers/SRAM/N01S830HA.c
- CC /root/msdk-2024_02/Libraries/MiscDrivers/SRAM/fastspi.c
- AS startup_firmware.S
- CC /root/msdk-2024_02/Libraries/CMSIS/Device/Maxim/MAX78000/Source/heap.c
- CC /root/msdk-2024_02/Libraries/CMSIS/Device/Maxim/MAX78000/Source/system_max78000.c
- LD /decoder/build/max78000.elf
Creating /decoder/build/max78000.srec
Creating /decoder/build/max78000.hex
Creating /decoder/build/max78000.bin
Creating /decoder/build/max78000.dasm
(ectf-example) PS Y:\ECTF\2025-ectf-insecure-example\decoder> ls


    Directory: Y:\ECTF\2025-ectf-insecure-example\decoder


Mode                 LastWriteTime         Length Name
----                 -------------         ------ ----
d-----         1/17/2025  10:05 AM                build
d-----         1/17/2025  10:05 AM                build_out
d-----         1/17/2025   9:55 AM                inc
d-----         1/17/2025   9:55 AM                src
-a----         1/17/2025   9:55 AM           1183 Dockerfile
-a----         1/17/2025   9:55 AM           4163 firmware.ld
-a----         1/17/2025   9:55 AM          16735 Makefile
-a----         1/17/2025   9:55 AM           1258 project.mk
-a----         1/17/2025   9:55 AM          23140 startup_firmware.S


(ectf-example) PS Y:\ECTF\2025-ectf-insecure-example\decoder> cd ..
(ectf-example) PS Y:\ECTF\2025-ectf-insecure-example> ls


    Directory: Y:\ECTF\2025-ectf-insecure-example


Mode                 LastWriteTime         Length Name
----                 -------------         ------ ----
d-----         1/17/2025  10:05 AM                decoder
d-----         1/17/2025   9:58 AM                design
d-----         1/17/2025   9:55 AM                frames
d-----         1/17/2025  10:05 AM                secrets
d-----         1/17/2025   9:57 AM                tools
-a----         1/17/2025   9:55 AM           6084 .gitignore
-a----         1/17/2025   9:55 AM          11626 LICENSE.txt
-a----         1/17/2025   9:55 AM          13701 README.md


(ectf-example) PS Y:\ECTF\2025-ectf-insecure-example> cd .\secrets\
(ectf-example) PS Y:\ECTF\2025-ectf-insecure-example\secrets> ls
(ectf-example) PS Y:\ECTF\2025-ectf-insecure-example\secrets> cd ..
(ectf-example) PS Y:\ECTF\2025-ectf-insecure-example> ls


    Directory: Y:\ECTF\2025-ectf-insecure-example


Mode                 LastWriteTime         Length Name
----                 -------------         ------ ----
d-----         1/17/2025  10:05 AM                decoder
d-----         1/17/2025   9:58 AM                design
d-----         1/17/2025   9:55 AM                frames
d-----         1/17/2025  10:05 AM                secrets
d-----         1/17/2025   9:57 AM                tools
-a----         1/17/2025   9:55 AM           6084 .gitignore
-a----         1/17/2025   9:55 AM          11626 LICENSE.txt
-a----         1/17/2025   9:55 AM          13701 README.md


(ectf-example) PS Y:\ECTF\2025-ectf-insecure-example> cd .\secrets\
(ectf-example) PS Y:\ECTF\2025-ectf-insecure-example\secrets> ls
(ectf-example) PS Y:\ECTF\2025-ectf-insecure-example\secrets> pwd

Path
----
Y:\ECTF\2025-ectf-insecure-example\secrets


(ectf-example) PS Y:\ECTF\2025-ectf-insecure-example\secrets> cd ..
(ectf-example) PS Y:\ECTF\2025-ectf-insecure-example> cd ..
(ectf-example) PS Y:\ECTF> ls


    Directory: Y:\ECTF


Mode                 LastWriteTime         Length Name
----                 -------------         ------ ----
d-----         1/17/2025   9:55 AM                .venv
d-----         1/17/2025  10:05 AM                2025-ectf-insecure-example
d-----         1/17/2025  10:00 AM                secrets


(ectf-example) PS Y:\ECTF> cd .\secrets\
(ectf-example) PS Y:\ECTF\secrets> ls


    Directory: Y:\ECTF\secrets


Mode                 LastWriteTime         Length Name
----                 -------------         ------ ----
-a----         1/17/2025  10:01 AM             50 secrets.json


(ectf-example) PS Y:\ECTF\secrets> cat .\secrets.json
{"channels": [1, 3, 4], "some_secrets": "EXAMPLE"}
(ectf-example) PS Y:\ECTF\secrets> ls


    Directory: Y:\ECTF\secrets


Mode                 LastWriteTime         Length Name
----                 -------------         ------ ----
-a----         1/17/2025  10:01 AM             50 secrets.json


(ectf-example) PS Y:\ECTF\secrets> cd ..
(ectf-example) PS Y:\ECTF> ls


    Directory: Y:\ECTF


Mode                 LastWriteTime         Length Name
----                 -------------         ------ ----
d-----         1/17/2025   9:55 AM                .venv
d-----         1/17/2025  10:05 AM                2025-ectf-insecure-example
d-----         1/17/2025  10:01 AM                secrets


(ectf-example) PS Y:\ECTF>  cd .\2025-ectf-insecure-example\
(ectf-example) PS Y:\ECTF\2025-ectf-insecure-example> ls


    Directory: Y:\ECTF\2025-ectf-insecure-example


Mode                 LastWriteTime         Length Name
----                 -------------         ------ ----
d-----         1/17/2025  10:05 AM                decoder
d-----         1/17/2025   9:58 AM                design
d-----         1/17/2025   9:55 AM                frames
d-----         1/17/2025  10:07 AM                secrets
d-----         1/17/2025   9:57 AM                tools
-a----         1/17/2025   9:55 AM           6084 .gitignore
-a----         1/17/2025   9:55 AM          11626 LICENSE.txt
-a----         1/17/2025   9:55 AM          13701 README.md


(ectf-example) PS Y:\ECTF\2025-ectf-insecure-example> python -m ectf25_design.gen_subscription secrets/secrets.json subscription.bin 0xDEADBEEF 32 128 1
2025-01-17 10:08:14.854 | DEBUG    | __main__:main:95 - Generated subscription: b'\xef\xbe\xad\xde \x00\x00\x00\x00\x00\x00\x00\x80\x00\x00\x00\x00\x00\x00\x00\x01\x00\x00\x00'
2025-01-17 10:08:14.855 | SUCCESS  | __main__:main:102 - Wrote subscription to Y:\ECTF\2025-ectf-insecure-example\subscription.bin
(ectf-example) PS Y:\ECTF\2025-ectf-insecure-example> python -m ectf25.utils.flash .\decoder\build_out\max78000.bin COM7
2025-01-17 10:08:52.809 | INFO     | __main__:update:70 - Requesting update
2025-01-17 10:08:54.790 | INFO     | __main__:update:77 - Update started
2025-01-17 10:08:54.792 | INFO     | __main__:update:78 - Sending image data...
100%|█████████████████████████████████████████████████████████████████████████████████████████████████████████████████████████████████████████████████████████████████████████████████████████| 14336/14336 [00:32<00:00, 434.61it/s]
2025-01-17 10:09:27.803 | INFO     | __main__:update:83 - Listening for installation status...

2025-01-17 10:09:27.806 | SUCCESS  | __main__:update:89 - Update Complete!

(ectf-example) PS Y:\ECTF\2025-ectf-insecure-example> python -m ectf25.tv.list -h
usage: ectf25.tv.subscribe [-h] port

List the channels with a valid subscription on the Decoder

positional arguments:
  port        Serial port to the Decoder (see https://rules.ectf.mitre.org/2025/getting_started/boot_reference for platform-specific instructions)

options:
  -h, --help  show this help message and exit
(ectf-example) PS Y:\ECTF\2025-ectf-insecure-example> python -m ectf25.tv.list COM7
2025-01-17 10:11:08.899 | DEBUG    | ectf25.utils.decoder:send_msg:272 - Sending packet b'%L\x00\x00'
2025-01-17 10:11:08.902 | DEBUG    | ectf25.utils.decoder:try_parse:218 - Found header MessageHdr(opcode=<Opcode.ACK: 65>, len=0)
2025-01-17 10:11:08.910 | DEBUG    | ectf25.utils.decoder:get_raw_msg:247 - Got message Message(opcode=<Opcode.ACK: 65>, body=b'')
2025-01-17 10:11:08.912 | DEBUG    | ectf25.utils.decoder:try_parse:218 - Found header MessageHdr(opcode=<Opcode.DEBUG: 71>, len=49)
2025-01-17 10:11:08.913 | DEBUG    | ectf25.utils.decoder:get_raw_msg:243 - Read block b'Boot Reference Flag: ectf{boot_3d9af0de4aadbd15}\n'
2025-01-17 10:11:08.914 | DEBUG    | ectf25.utils.decoder:get_raw_msg:247 - Got message Message(opcode=<Opcode.DEBUG: 71>, body=b'Boot Reference Flag: ectf{boot_3d9af0de4aadbd15}\n')
2025-01-17 10:11:08.915 | INFO     | ectf25.utils.decoder:get_msg:262 - Got DEBUG: b'Boot Reference Flag: ectf{boot_3d9af0de4aadbd15}\n'
2025-01-17 10:11:08.921 | DEBUG    | ectf25.utils.decoder:try_parse:218 - Found header MessageHdr(opcode=<Opcode.LIST: 76>, len=4)
2025-01-17 10:11:08.938 | DEBUG    | ectf25.utils.decoder:get_raw_msg:243 - Read block b'\x00\x00\x00\x00'
2025-01-17 10:11:08.939 | DEBUG    | ectf25.utils.decoder:get_raw_msg:247 - Got message Message(opcode=<Opcode.LIST: 76>, body=b'\x00\x00\x00\x00')
2025-01-17 10:11:08.941 | DEBUG    | ectf25.utils.decoder:list:174 - Reported 0 subscribed channels
2025-01-17 10:11:08.942 | SUCCESS  | __main__:main:42 - List successful
(ectf-example) PS Y:\ECTF\2025-ectf-insecure-example> python -m ectf25.tv.subscribe -h
usage: ectf25.tv.subscribe [-h] subscription_file port

Subscribe a Decoder to a new subscription

positional arguments:
  subscription_file  Path to the subscription file created by ectf25_design.gen_subscription
  port               Serial port to the Decoder (see https://rules.ectf.mitre.org/2025/getting_started/boot_reference for platform-specific instructions)

options:
  -h, --help         show this help message and exit
(ectf-example) PS Y:\ECTF\2025-ectf-insecure-example> python -m ectf25.tv.subscribe subscription.bin COM7
2025-01-17 10:13:57.238 | DEBUG    | ectf25.utils.decoder:send_msg:272 - Sending packet b'%S\x18\x00'
2025-01-17 10:13:57.240 | DEBUG    | ectf25.utils.decoder:try_parse:218 - Found header MessageHdr(opcode=<Opcode.ACK: 65>, len=0)
2025-01-17 10:13:57.242 | DEBUG    | ectf25.utils.decoder:get_raw_msg:247 - Got message Message(opcode=<Opcode.ACK: 65>, body=b'')
2025-01-17 10:13:57.247 | DEBUG    | ectf25.utils.decoder:send_msg:272 - Sending packet b'\xef\xbe\xad\xde \x00\x00\x00\x00\x00\x00\x00\x80\x00\x00\x00\x00\x00\x00\x00\x01\x00\x00\x00'
2025-01-17 10:13:57.272 | DEBUG    | ectf25.utils.decoder:try_parse:218 - Found header MessageHdr(opcode=<Opcode.ACK: 65>, len=0)
2025-01-17 10:13:57.273 | DEBUG    | ectf25.utils.decoder:get_raw_msg:247 - Got message Message(opcode=<Opcode.ACK: 65>, body=b'')
2025-01-17 10:13:57.288 | DEBUG    | ectf25.utils.decoder:try_parse:218 - Found header MessageHdr(opcode=<Opcode.SUBSCRIBE: 83>, len=0)
2025-01-17 10:13:57.289 | DEBUG    | ectf25.utils.decoder:get_raw_msg:247 - Got message Message(opcode=<Opcode.SUBSCRIBE: 83>, body=b'')
2025-01-17 10:13:57.292 | SUCCESS  | __main__:main:46 - Subscribe successful
(ectf-example) PS Y:\ECTF\2025-ectf-insecure-example> python -m ectf25.tv.subscribe insecure.bin COM7
usage: ectf25.tv.subscribe [-h] subscription_file port
ectf25.tv.subscribe: error: argument subscription_file: can't open 'insecure.bin': [Errno 2] No such file or directory: 'insecure.bin'
(ectf-example) PS Y:\ECTF\2025-ectf-insecure-example>